[2023-02-08T23:28:41.449] [ERROR] dev - ObjectParameterError: Parameter "filter" to find() must be an object, got 63e4685f1ec64d9e6989e986
    at model.Query.Query.find (D:\INFORMACION\Desktop\Proyecto-Backend\node_modules\mongoose\lib\query.js:2364:16)
    at Function.find (D:\INFORMACION\Desktop\Proyecto-Backend\node_modules\mongoose\lib\model.js:2260:13)
    at UserDao.getById (file:///D:/INFORMACION/Desktop/Proyecto-Backend/src/container/Mongodb.container.js:33:41)
    at chatPage (file:///D:/INFORMACION/Desktop/Proyecto-Backend/src/controllers/pages.controler.js:42:40)
    at Layer.handle [as handle_request] (D:\INFORMACION\Desktop\Proyecto-Backend\node_modules\express\lib\router\layer.js:95:5)
    at next (D:\INFORMACION\Desktop\Proyecto-Backend\node_modules\express\lib\router\route.js:144:13)
    at authUser (file:///D:/INFORMACION/Desktop/Proyecto-Backend/src/middlewares/authUser.middleware.js:3:9)
    at Layer.handle [as handle_request] (D:\INFORMACION\Desktop\Proyecto-Backend\node_modules\express\lib\router\layer.js:95:5)
    at next (D:\INFORMACION\Desktop\Proyecto-Backend\node_modules\express\lib\router\route.js:144:13)
    at Route.dispatch (D:\INFORMACION\Desktop\Proyecto-Backend\node_modules\express\lib\router\route.js:114:3)
[2023-02-08T23:56:25.371] [ERROR] dev - TypeError: this.coleccion.findbyId is not a function
    at UserDao.getById (file:///D:/INFORMACION/Desktop/Proyecto-Backend/src/container/Mongodb.container.js:33:41)
    at chatPage (file:///D:/INFORMACION/Desktop/Proyecto-Backend/src/controllers/pages.controler.js:42:40)
    at Layer.handle [as handle_request] (D:\INFORMACION\Desktop\Proyecto-Backend\node_modules\express\lib\router\layer.js:95:5)
    at next (D:\INFORMACION\Desktop\Proyecto-Backend\node_modules\express\lib\router\route.js:144:13)
    at authUser (file:///D:/INFORMACION/Desktop/Proyecto-Backend/src/middlewares/authUser.middleware.js:3:9)
    at Layer.handle [as handle_request] (D:\INFORMACION\Desktop\Proyecto-Backend\node_modules\express\lib\router\layer.js:95:5)
    at next (D:\INFORMACION\Desktop\Proyecto-Backend\node_modules\express\lib\router\route.js:144:13)
    at Route.dispatch (D:\INFORMACION\Desktop\Proyecto-Backend\node_modules\express\lib\router\route.js:114:3)
    at Layer.handle [as handle_request] (D:\INFORMACION\Desktop\Proyecto-Backend\node_modules\express\lib\router\layer.js:95:5)
    at D:\INFORMACION\Desktop\Proyecto-Backend\node_modules\express\lib\router\index.js:284:15
[2023-02-09T00:17:31.024] [ERROR] dev - [Error: ENOENT: no such file or directory, open 'D:\INFORMACION\Desktop\Proyecto-Backend\src\messages.txt'] {
  errno: -4058,
  code: 'ENOENT',
  syscall: 'open',
  path: 'D:\\INFORMACION\\Desktop\\Proyecto-Backend\\src\\messages.txt'
}
[2023-02-10T23:11:20.987] [ERROR] dev - MongoServerError: E11000 duplicate key error collection: test.users index: email_1 dup key: { email: "Manolo15V@gmail.com" }
    at D:\INFORMACION\Desktop\Proyecto-Backend\node_modules\mongodb\lib\operations\insert.js:53:33
    at D:\INFORMACION\Desktop\Proyecto-Backend\node_modules\mongodb\lib\cmap\connection_pool.js:307:25
    at D:\INFORMACION\Desktop\Proyecto-Backend\node_modules\mongodb\lib\sdam\server.js:213:17
    at handleOperationResult (D:\INFORMACION\Desktop\Proyecto-Backend\node_modules\mongodb\lib\sdam\server.js:329:20)
    at Connection.onMessage (D:\INFORMACION\Desktop\Proyecto-Backend\node_modules\mongodb\lib\cmap\connection.js:242:9)
    at MessageStream.<anonymous> (D:\INFORMACION\Desktop\Proyecto-Backend\node_modules\mongodb\lib\cmap\connection.js:61:60)
    at MessageStream.emit (node:events:526:28)
    at processIncomingData (D:\INFORMACION\Desktop\Proyecto-Backend\node_modules\mongodb\lib\cmap\message_stream.js:125:16)
    at MessageStream._write (D:\INFORMACION\Desktop\Proyecto-Backend\node_modules\mongodb\lib\cmap\message_stream.js:33:9)
    at writeOrBuffer (node:internal/streams/writable:389:12) {
  index: 0,
  code: 11000,
  keyPattern: { email: 1 },
  keyValue: { email: 'Manolo15V@gmail.com' },
  [Symbol(errorLabels)]: Set(0) {}
}
[2023-02-14T16:42:44.743] [ERROR] dev - MongoServerError: E11000 duplicate key error collection: test.productos index: code_1 dup key: { code: null }
    at D:\INFORMACION\Desktop\Proyecto-Backend\node_modules\mongodb\lib\operations\insert.js:53:33
    at D:\INFORMACION\Desktop\Proyecto-Backend\node_modules\mongodb\lib\cmap\connection_pool.js:307:25
    at D:\INFORMACION\Desktop\Proyecto-Backend\node_modules\mongodb\lib\sdam\server.js:213:17
    at handleOperationResult (D:\INFORMACION\Desktop\Proyecto-Backend\node_modules\mongodb\lib\sdam\server.js:329:20)
    at Connection.onMessage (D:\INFORMACION\Desktop\Proyecto-Backend\node_modules\mongodb\lib\cmap\connection.js:242:9)
    at MessageStream.<anonymous> (D:\INFORMACION\Desktop\Proyecto-Backend\node_modules\mongodb\lib\cmap\connection.js:61:60)
    at MessageStream.emit (node:events:526:28)
    at processIncomingData (D:\INFORMACION\Desktop\Proyecto-Backend\node_modules\mongodb\lib\cmap\message_stream.js:125:16)
    at MessageStream._write (D:\INFORMACION\Desktop\Proyecto-Backend\node_modules\mongodb\lib\cmap\message_stream.js:33:9)
    at writeOrBuffer (node:internal/streams/writable:389:12) {
  index: 0,
  code: 11000,
  keyPattern: { code: 1 },
  keyValue: { code: null },
  [Symbol(errorLabels)]: Set(0) {}
}
